# JRE version: OpenJDK Runtime Environment (8.0_242-b01) (build 1.8.0_242-release-1644-b01)
# Java VM: OpenJDK 64-Bit Server VM (25.242-b01 mixed mode windows-amd64 compressed oops)
Heap:
 PSYoungGen      total 646144K, used 619746K [0x00000000d5580000, 0x0000000100000000, 0x0000000100000000)
  eden space 593408K, 95% used [0x00000000d5580000,0x00000000f7f38cf0,0x00000000f9900000)
  from space 52736K, 99% used [0x00000000f9900000,0x00000000fcc7fe80,0x00000000fcc80000)
  to   space 52736K, 0% used [0x00000000fcc80000,0x00000000fcc80000,0x0000000100000000)
 ParOldGen       total 322560K, used 174761K [0x0000000080000000, 0x0000000093b00000, 0x00000000d5580000)
  object space 322560K, 54% used [0x0000000080000000,0x000000008aaaa7b0,0x0000000093b00000)
 Metaspace       used 85290K, capacity 89788K, committed 94616K, reserved 1130496K
  class space    used 11543K, capacity 12377K, committed 13744K, reserved 1048576K
GC Heap History (10 events):
Event: 19.040 GC heap before
{Heap before GC invocations=24 (full 5):
 PSYoungGen      total 644608K, used 12115K [0x00000000d5580000, 0x00000000ffd80000, 0x0000000100000000)
  eden space 593408K, 0% used [0x00000000d5580000,0x00000000d5580000,0x00000000f9900000)
  from space 51200K, 23% used [0x00000000f9900000,0x00000000fa4d4f40,0x00000000fcb00000)
  to   space 49664K, 0% used [0x00000000fcd00000,0x00000000fcd00000,0x00000000ffd80000)
 ParOldGen       total 264192K, used 234193K [0x0000000080000000, 0x0000000090200000, 0x00000000d5580000)
  object space 264192K, 88% used [0x0000000080000000,0x000000008e4b44d8,0x0000000090200000)
 Metaspace       used 85088K, capacity 89578K, committed 94360K, reserved 1130496K
  class space    used 11539K, capacity 12372K, committed 13744K, reserved 1048576K
Event: 19.995 GC heap after
Heap after GC invocations=24 (full 5):
 PSYoungGen      total 644608K, used 0K [0x00000000d5580000, 0x00000000ffd80000, 0x0000000100000000)
  eden space 593408K, 0% used [0x00000000d5580000,0x00000000d5580000,0x00000000f9900000)
  from space 51200K, 0% used [0x00000000f9900000,0x00000000f9900000,0x00000000fcb00000)
  to   space 49664K, 0% used [0x00000000fcd00000,0x00000000fcd00000,0x00000000ffd80000)
 ParOldGen       total 322560K, used 167796K [0x0000000080000000, 0x0000000093b00000, 0x00000000d5580000)
  object space 322560K, 52% used [0x0000000080000000,0x000000008a3dd320,0x0000000093b00000)
 Metaspace       used 85084K, capacity 89572K, committed 94360K, reserved 1130496K
  class space    used 11539K, capacity 12371K, committed 13744K, reserved 1048576K
}
Event: 20.939 GC heap before
{Heap before GC invocations=25 (full 5):
 PSYoungGen      total 644608K, used 593408K [0x00000000d5580000, 0x00000000ffd80000, 0x0000000100000000)
  eden space 593408K, 100% used [0x00000000d5580000,0x00000000f9900000,0x00000000f9900000)
  from space 51200K, 0% used [0x00000000f9900000,0x00000000f9900000,0x00000000fcb00000)
  to   space 49664K, 0% used [0x00000000fcd00000,0x00000000fcd00000,0x00000000ffd80000)
 ParOldGen       total 322560K, used 167796K [0x0000000080000000, 0x0000000093b00000, 0x00000000d5580000)
  object space 322560K, 52% used [0x0000000080000000,0x000000008a3dd320,0x0000000093b00000)
 Metaspace       used 85119K, capacity 89650K, committed 94616K, reserved 1130496K
  class space    used 11539K, capacity 12372K, committed 13744K, reserved 1048576K
Event: 20.956 GC heap after
Heap after GC invocations=25 (full 5):
 PSYoungGen      total 646656K, used 9136K [0x00000000d5580000, 0x00000000ffc80000, 0x0000000100000000)
  eden space 598016K, 0% used [0x00000000d5580000,0x00000000d5580000,0x00000000f9d80000)
  from space 48640K, 18% used [0x00000000fcd00000,0x00000000fd5ec3a8,0x00000000ffc80000)
  to   space 48640K, 0% used [0x00000000f9d80000,0x00000000f9d80000,0x00000000fcd00000)
 ParOldGen       total 322560K, used 167804K [0x0000000080000000, 0x0000000093b00000, 0x00000000d5580000)
  object space 322560K, 52% used [0x0000000080000000,0x000000008a3df320,0x0000000093b00000)
 Metaspace       used 85119K, capacity 89650K, committed 94616K, reserved 1130496K
  class space    used 11539K, capacity 12372K, committed 13744K, reserved 1048576K
}
Event: 22.110 GC heap before
{Heap before GC invocations=26 (full 5):
 PSYoungGen      total 646656K, used 607152K [0x00000000d5580000, 0x00000000ffc80000, 0x0000000100000000)
  eden space 598016K, 100% used [0x00000000d5580000,0x00000000f9d80000,0x00000000f9d80000)
  from space 48640K, 18% used [0x00000000fcd00000,0x00000000fd5ec3a8,0x00000000ffc80000)
  to   space 48640K, 0% used [0x00000000f9d80000,0x00000000f9d80000,0x00000000fcd00000)
 ParOldGen       total 322560K, used 167804K [0x0000000080000000, 0x0000000093b00000, 0x00000000d5580000)
  object space 322560K, 52% used [0x0000000080000000,0x000000008a3df320,0x0000000093b00000)
 Metaspace       used 85137K, capacity 89654K, committed 94616K, reserved 1130496K
  class space    used 11539K, capacity 12372K, committed 13744K, reserved 1048576K
Event: 22.135 GC heap after
Heap after GC invocations=26 (full 5):
 PSYoungGen      total 646656K, used 16512K [0x00000000d5580000, 0x00000000ffb00000, 0x0000000100000000)
  eden space 598016K, 0% used [0x00000000d5580000,0x00000000d5580000,0x00000000f9d80000)
  from space 48640K, 33% used [0x00000000f9d80000,0x00000000fada02f8,0x00000000fcd00000)
  to   space 46080K, 0% used [0x00000000fce00000,0x00000000fce00000,0x00000000ffb00000)
 ParOldGen       total 322560K, used 167804K [0x0000000080000000, 0x0000000093b00000, 0x00000000d5580000)
  object space 322560K, 52% used [0x0000000080000000,0x000000008a3df320,0x0000000093b00000)
 Metaspace       used 85137K, capacity 89654K, committed 94616K, reserved 1130496K
  class space    used 11539K, capacity 12372K, committed 13744K, reserved 1048576K
}
Event: 23.514 GC heap before
{Heap before GC invocations=27 (full 5):
 PSYoungGen      total 646656K, used 614528K [0x00000000d5580000, 0x00000000ffb00000, 0x0000000100000000)
  eden space 598016K, 100% used [0x00000000d5580000,0x00000000f9d80000,0x00000000f9d80000)
  from space 48640K, 33% used [0x00000000f9d80000,0x00000000fada02f8,0x00000000fcd00000)
  to   space 46080K, 0% used [0x00000000fce00000,0x00000000fce00000,0x00000000ffb00000)
 ParOldGen       total 322560K, used 167804K [0x0000000080000000, 0x0000000093b00000, 0x00000000d5580000)
  object space 322560K, 52% used [0x0000000080000000,0x000000008a3df320,0x0000000093b00000)
 Metaspace       used 85244K, capacity 89764K, committed 94616K, reserved 1130496K
  class space    used 11542K, capacity 12375K, committed 13744K, reserved 1048576K
Event: 23.567 GC heap after
Heap after GC invocations=27 (full 5):
 PSYoungGen      total 639488K, used 44174K [0x00000000d5580000, 0x0000000100000000, 0x0000000100000000)
  eden space 593408K, 0% used [0x00000000d5580000,0x00000000d5580000,0x00000000f9900000)
  from space 46080K, 95% used [0x00000000fce00000,0x00000000ff923b90,0x00000000ffb00000)
  to   space 52736K, 0% used [0x00000000f9900000,0x00000000f9900000,0x00000000fcc80000)
 ParOldGen       total 322560K, used 167812K [0x0000000080000000, 0x0000000093b00000, 0x00000000d5580000)
  object space 322560K, 52% used [0x0000000080000000,0x000000008a3e1320,0x0000000093b00000)
 Metaspace       used 85244K, capacity 89764K, committed 94616K, reserved 1130496K
  class space    used 11542K, capacity 12375K, committed 13744K, reserved 1048576K
}
Event: 25.162 GC heap before
{Heap before GC invocations=28 (full 5):
 PSYoungGen      total 639488K, used 637582K [0x00000000d5580000, 0x0000000100000000, 0x0000000100000000)
  eden space 593408K, 100% used [0x00000000d5580000,0x00000000f9900000,0x00000000f9900000)
  from space 46080K, 95% used [0x00000000fce00000,0x00000000ff923b90,0x00000000ffb00000)
  to   space 52736K, 0% used [0x00000000f9900000,0x00000000f9900000,0x00000000fcc80000)
 ParOldGen       total 322560K, used 167812K [0x0000000080000000, 0x0000000093b00000, 0x00000000d5580000)
  object space 322560K, 52% used [0x0000000080000000,0x000000008a3e1320,0x0000000093b00000)
 Metaspace       used 85279K, capacity 89776K, committed 94616K, reserved 1130496K
  class space    used 11542K, capacity 12375K, committed 13744K, reserved 1048576K
Event: 25.318 GC heap after
Heap after GC invocations=28 (full 5):
 PSYoungGen      total 646144K, used 52735K [0x00000000d5580000, 0x0000000100000000, 0x0000000100000000)
  eden space 593408K, 0% used [0x00000000d5580000,0x00000000d5580000,0x00000000f9900000)
  from space 52736K, 99% used [0x00000000f9900000,0x00000000fcc7fe80,0x00000000fcc80000)
  to   space 52736K, 0% used [0x00000000fcc80000,0x00000000fcc80000,0x0000000100000000)
 ParOldGen       total 322560K, used 174761K [0x0000000080000000, 0x0000000093b00000, 0x00000000d5580000)
  object space 322560K, 54% used [0x0000000080000000,0x000000008aaaa7b0,0x0000000093b00000)
 Metaspace       used 85279K, capacity 89776K, committed 94616K, reserved 1130496K
  class space    used 11542K, capacity 12375K, committed 13744K, reserved 1048576K
}

