# JRE version: OpenJDK Runtime Environment (8.0_242-b01) (build 1.8.0_242-release-1644-b01)
# Java VM: OpenJDK 64-Bit Server VM (25.242-b01 mixed mode windows-amd64 compressed oops)
Heap:
 PSYoungGen      total 631296K, used 472568K [0x00000000d5580000, 0x0000000100000000, 0x0000000100000000)
  eden space 562688K, 77% used [0x00000000d5580000,0x00000000efe0b030,0x00000000f7b00000)
  from space 68608K, 55% used [0x00000000fbd00000,0x00000000fe1f3270,0x0000000100000000)
  to   space 67584K, 0% used [0x00000000f7b00000,0x00000000f7b00000,0x00000000fbd00000)
 ParOldGen       total 324608K, used 281570K [0x0000000080000000, 0x0000000093d00000, 0x00000000d5580000)
  object space 324608K, 86% used [0x0000000080000000,0x00000000912f8bc8,0x0000000093d00000)
 Metaspace       used 216613K, capacity 229128K, committed 229452K, reserved 1249280K
  class space    used 28060K, capacity 30466K, committed 30580K, reserved 1048576K
GC Heap History (10 events):
Event: 6897.722 GC heap before
{Heap before GC invocations=49 (full 7):
 PSYoungGen      total 623616K, used 579924K [0x00000000d5580000, 0x00000000fff80000, 0x0000000100000000)
  eden space 557568K, 100% used [0x00000000d5580000,0x00000000f7600000,0x00000000f7600000)
  from space 66048K, 33% used [0x00000000f7600000,0x00000000f8bd5300,0x00000000fb680000)
  to   space 62464K, 0% used [0x00000000fc280000,0x00000000fc280000,0x00000000fff80000)
 ParOldGen       total 324608K, used 249687K [0x0000000080000000, 0x0000000093d00000, 0x00000000d5580000)
  object space 324608K, 76% used [0x0000000080000000,0x000000008f3d5fd0,0x0000000093d00000)
 Metaspace       used 178527K, capacity 188492K, committed 189388K, reserved 1214464K
  class space    used 23066K, capacity 24974K, committed 25332K, reserved 1048576K
Event: 6897.754 GC heap after
Heap after GC invocations=49 (full 7):
 PSYoungGen      total 622592K, used 26017K [0x00000000d5580000, 0x00000000ff580000, 0x0000000100000000)
  eden space 570368K, 0% used [0x00000000d5580000,0x00000000d5580000,0x00000000f8280000)
  from space 52224K, 49% used [0x00000000fc280000,0x00000000fdbe87a0,0x00000000ff580000)
  to   space 58880K, 0% used [0x00000000f8280000,0x00000000f8280000,0x00000000fbc00000)
 ParOldGen       total 324608K, used 258523K [0x0000000080000000, 0x0000000093d00000, 0x00000000d5580000)
  object space 324608K, 79% used [0x0000000080000000,0x000000008fc76fd8,0x0000000093d00000)
 Metaspace       used 178527K, capacity 188492K, committed 189388K, reserved 1214464K
  class space    used 23066K, capacity 24974K, committed 25332K, reserved 1048576K
}
Event: 6904.053 GC heap before
{Heap before GC invocations=50 (full 7):
 PSYoungGen      total 622592K, used 596379K [0x00000000d5580000, 0x00000000ff580000, 0x0000000100000000)
  eden space 570368K, 99% used [0x00000000d5580000,0x00000000f827e498,0x00000000f8280000)
  from space 52224K, 49% used [0x00000000fc280000,0x00000000fdbe87a0,0x00000000ff580000)
  to   space 58880K, 0% used [0x00000000f8280000,0x00000000f8280000,0x00000000fbc00000)
 ParOldGen       total 324608K, used 258523K [0x0000000080000000, 0x0000000093d00000, 0x00000000d5580000)
  object space 324608K, 79% used [0x0000000080000000,0x000000008fc76fd8,0x0000000093d00000)
 Metaspace       used 197577K, capacity 208190K, committed 208716K, reserved 1230848K
  class space    used 25749K, capacity 27802K, committed 28020K, reserved 1048576K
Event: 6904.084 GC heap after
Heap after GC invocations=50 (full 7):
 PSYoungGen      total 629248K, used 42492K [0x00000000d5580000, 0x0000000100000000, 0x0000000100000000)
  eden space 570368K, 0% used [0x00000000d5580000,0x00000000d5580000,0x00000000f8280000)
  from space 58880K, 72% used [0x00000000f8280000,0x00000000fabff190,0x00000000fbc00000)
  to   space 61952K, 0% used [0x00000000fc380000,0x00000000fc380000,0x0000000100000000)
 ParOldGen       total 324608K, used 258531K [0x0000000080000000, 0x0000000093d00000, 0x00000000d5580000)
  object space 324608K, 79% used [0x0000000080000000,0x000000008fc78fd8,0x0000000093d00000)
 Metaspace       used 197577K, capacity 208190K, committed 208716K, reserved 1230848K
  class space    used 25749K, capacity 27802K, committed 28020K, reserved 1048576K
}
Event: 6904.838 GC heap before
{Heap before GC invocations=51 (full 7):
 PSYoungGen      total 629248K, used 612860K [0x00000000d5580000, 0x0000000100000000, 0x0000000100000000)
  eden space 570368K, 100% used [0x00000000d5580000,0x00000000f8280000,0x00000000f8280000)
  from space 58880K, 72% used [0x00000000f8280000,0x00000000fabff190,0x00000000fbc00000)
  to   space 61952K, 0% used [0x00000000fc380000,0x00000000fc380000,0x0000000100000000)
 ParOldGen       total 324608K, used 258531K [0x0000000080000000, 0x0000000093d00000, 0x00000000d5580000)
  object space 324608K, 79% used [0x0000000080000000,0x000000008fc78fd8,0x0000000093d00000)
 Metaspace       used 199120K, capacity 209758K, committed 210124K, reserved 1230848K
  class space    used 25880K, capacity 27950K, committed 28148K, reserved 1048576K
Event: 6904.866 GC heap after
Heap after GC invocations=51 (full 7):
 PSYoungGen      total 635904K, used 36826K [0x00000000d5580000, 0x0000000100000000, 0x0000000100000000)
  eden space 573952K, 0% used [0x00000000d5580000,0x00000000d5580000,0x00000000f8600000)
  from space 61952K, 59% used [0x00000000fc380000,0x00000000fe776a30,0x0000000100000000)
  to   space 62464K, 0% used [0x00000000f8600000,0x00000000f8600000,0x00000000fc300000)
 ParOldGen       total 324608K, used 258539K [0x0000000080000000, 0x0000000093d00000, 0x00000000d5580000)
  object space 324608K, 79% used [0x0000000080000000,0x000000008fc7afd8,0x0000000093d00000)
 Metaspace       used 199120K, capacity 209758K, committed 210124K, reserved 1230848K
  class space    used 25880K, capacity 27950K, committed 28148K, reserved 1048576K
}
Event: 6907.741 GC heap before
{Heap before GC invocations=52 (full 7):
 PSYoungGen      total 635904K, used 610778K [0x00000000d5580000, 0x0000000100000000, 0x0000000100000000)
  eden space 573952K, 100% used [0x00000000d5580000,0x00000000f8600000,0x00000000f8600000)
  from space 61952K, 59% used [0x00000000fc380000,0x00000000fe776a30,0x0000000100000000)
  to   space 62464K, 0% used [0x00000000f8600000,0x00000000f8600000,0x00000000fc300000)
 ParOldGen       total 324608K, used 258539K [0x0000000080000000, 0x0000000093d00000, 0x00000000d5580000)
  object space 324608K, 79% used [0x0000000080000000,0x000000008fc7afd8,0x0000000093d00000)
 Metaspace       used 203776K, capacity 215546K, committed 215756K, reserved 1236992K
  class space    used 26558K, capacity 28818K, committed 28916K, reserved 1048576K
Event: 6907.792 GC heap after
Heap after GC invocations=52 (full 7):
 PSYoungGen      total 628224K, used 54077K [0x00000000d5580000, 0x0000000100000000, 0x0000000100000000)
  eden space 573952K, 0% used [0x00000000d5580000,0x00000000d5580000,0x00000000f8600000)
  from space 54272K, 99% used [0x00000000f8600000,0x00000000fbacf568,0x00000000fbb00000)
  to   space 68608K, 0% used [0x00000000fbd00000,0x00000000fbd00000,0x0000000100000000)
 ParOldGen       total 324608K, used 263190K [0x0000000080000000, 0x0000000093d00000, 0x00000000d5580000)
  object space 324608K, 81% used [0x0000000080000000,0x0000000090105908,0x0000000093d00000)
 Metaspace       used 203776K, capacity 215546K, committed 215756K, reserved 1236992K
  class space    used 26558K, capacity 28818K, committed 28916K, reserved 1048576K
}
Event: 6943.782 GC heap before
{Heap before GC invocations=53 (full 7):
 PSYoungGen      total 628224K, used 628029K [0x00000000d5580000, 0x0000000100000000, 0x0000000100000000)
  eden space 573952K, 100% used [0x00000000d5580000,0x00000000f8600000,0x00000000f8600000)
  from space 54272K, 99% used [0x00000000f8600000,0x00000000fbacf568,0x00000000fbb00000)
  to   space 68608K, 0% used [0x00000000fbd00000,0x00000000fbd00000,0x0000000100000000)
 ParOldGen       total 324608K, used 263190K [0x0000000080000000, 0x0000000093d00000, 0x00000000d5580000)
  object space 324608K, 81% used [0x0000000080000000,0x0000000090105908,0x0000000093d00000)
 Metaspace       used 210393K, capacity 222566K, committed 222796K, reserved 1243136K
  class space    used 27200K, capacity 29528K, committed 29556K, reserved 1048576K
Event: 6943.862 GC heap after
Heap after GC invocations=53 (full 7):
 PSYoungGen      total 631296K, used 37836K [0x00000000d5580000, 0x0000000100000000, 0x0000000100000000)
  eden space 562688K, 0% used [0x00000000d5580000,0x00000000d5580000,0x00000000f7b00000)
  from space 68608K, 55% used [0x00000000fbd00000,0x00000000fe1f3270,0x0000000100000000)
  to   space 67584K, 0% used [0x00000000f7b00000,0x00000000f7b00000,0x00000000fbd00000)
 ParOldGen       total 324608K, used 281570K [0x0000000080000000, 0x0000000093d00000, 0x00000000d5580000)
  object space 324608K, 86% used [0x0000000080000000,0x00000000912f8bc8,0x0000000093d00000)
 Metaspace       used 210393K, capacity 222566K, committed 222796K, reserved 1243136K
  class space    used 27200K, capacity 29528K, committed 29556K, reserved 1048576K
}

